{
  "RSpec": {
    "coverage": {
      "/Users/student/Google Drive/Projects/Makers-BnB/spec/features/homepage_spec.rb": [
        1,
        1,
        1,
        1,
        1,
        null,
        null
      ],
      "/Users/student/Google Drive/Projects/Makers-BnB/spec/features/user_login_spec.rb": [
        1,
        1,
        1,
        1,
        null,
        null,
        1,
        1,
        1,
        1,
        1,
        null,
        null
      ],
      "/Users/student/Google Drive/Projects/Makers-BnB/spec/features/user_signout_spec.rb": [
        1,
        1,
        1,
        1,
        1,
        1,
        0,
        null,
        null
      ],
      "/Users/student/Google Drive/Projects/Makers-BnB/spec/features/view_all_spaces_spec.rb": [
        1,
        1,
        1,
        10,
        null,
        null,
        null,
        1,
        1,
        null,
        null,
        null,
        1,
        1,
        10,
        null,
        1,
        1,
        1,
        1,
        null,
        null,
        null,
        1,
        1,
        10,
        10,
        10,
        30,
        null,
        null,
        1,
        1,
        1,
        0,
        0,
        null,
        null
      ],
      "/Users/student/Google Drive/Projects/Makers-BnB/spec/models/user_spec.rb": [
        1,
        null,
        1,
        null,
        1,
        1,
        1,
        1,
        1,
        1,
        null,
        null,
        null,
        null
      ]
    },
    "timestamp": 1571917339
  }
}
